2026-01-16T18:54:04.825+05:00  INFO 23456 --- [ingest-service] [main] r.r.panayotov.IngestServiceApplication   : Starting IngestServiceApplication using Java 17.0.17 with PID 23456 (C:\Users\andre\OneDrive\–‡·Ó˜ËÈ ÒÚÓÎ\– —œ\ƒËÙ. Á‡˜∏Ú œ‡Ì‡∏ÚÓ‚\panayotov\target\classes started by andre in C:\Users\andre\OneDrive\–‡·Ó˜ËÈ ÒÚÓÎ\– —œ\ƒËÙ. Á‡˜∏Ú œ‡Ì‡∏ÚÓ‚\panayotov)
2026-01-16T18:54:04.827+05:00  INFO 23456 --- [ingest-service] [main] r.r.panayotov.IngestServiceApplication   : No active profile set, falling back to 1 default profile: "default"
2026-01-16T18:54:05.623+05:00  INFO 23456 --- [ingest-service] [main] o.s.b.w.embedded.tomcat.TomcatWebServer  : Tomcat initialized with port 8081 (http)
2026-01-16T18:54:05.633+05:00  INFO 23456 --- [ingest-service] [main] o.apache.catalina.core.StandardService   : Starting service [Tomcat]
2026-01-16T18:54:05.633+05:00  INFO 23456 --- [ingest-service] [main] o.apache.catalina.core.StandardEngine    : Starting Servlet engine: [Apache Tomcat/10.1.50]
2026-01-16T18:54:05.673+05:00  INFO 23456 --- [ingest-service] [main] o.a.c.c.C.[Tomcat].[localhost].[/]       : Initializing Spring embedded WebApplicationContext
2026-01-16T18:54:05.675+05:00  INFO 23456 --- [ingest-service] [main] w.s.c.ServletWebServerApplicationContext : Root WebApplicationContext: initialization completed in 817 ms
2026-01-16T18:54:06.216+05:00  WARN 23456 --- [ingest-service] [main] ConfigServletWebServerApplicationContext : Exception encountered during context initialization - cancelling refresh attempt: org.springframework.context.ApplicationContextException: Failed to start bean 'webServerStartStop'
2026-01-16T18:54:06.229+05:00  INFO 23456 --- [ingest-service] [main] .s.b.a.l.ConditionEvaluationReportLogger : 

Error starting ApplicationContext. To display the condition evaluation report re-run your application with 'debug' enabled.
2026-01-16T18:54:06.242+05:00 ERROR 23456 --- [ingest-service] [main] o.s.b.d.LoggingFailureAnalysisReporter   : 

***************************
APPLICATION FAILED TO START
***************************

Description:

Web server failed to start. Port 8081 was already in use.

Action:

Identify and stop the process that's listening on port 8081 or configure this application to listen on another port.

2026-01-16T18:56:09.247+05:00  INFO 23732 --- [ingest-service] [main] r.r.panayotov.IngestServiceApplication   : Starting IngestServiceApplication using Java 17.0.17 with PID 23732 (C:\Users\andre\OneDrive\–‡·Ó˜ËÈ ÒÚÓÎ\– —œ\ƒËÙ. Á‡˜∏Ú œ‡Ì‡∏ÚÓ‚\panayotov\target\classes started by andre in C:\Users\andre\OneDrive\–‡·Ó˜ËÈ ÒÚÓÎ\– —œ\ƒËÙ. Á‡˜∏Ú œ‡Ì‡∏ÚÓ‚\panayotov)
2026-01-16T18:56:09.249+05:00  INFO 23732 --- [ingest-service] [main] r.r.panayotov.IngestServiceApplication   : No active profile set, falling back to 1 default profile: "default"
2026-01-16T18:56:10.106+05:00  INFO 23732 --- [ingest-service] [main] o.s.b.w.embedded.tomcat.TomcatWebServer  : Tomcat initialized with port 8085 (http)
2026-01-16T18:56:10.118+05:00  INFO 23732 --- [ingest-service] [main] o.apache.catalina.core.StandardService   : Starting service [Tomcat]
2026-01-16T18:56:10.119+05:00  INFO 23732 --- [ingest-service] [main] o.apache.catalina.core.StandardEngine    : Starting Servlet engine: [Apache Tomcat/10.1.50]
2026-01-16T18:56:10.172+05:00  INFO 23732 --- [ingest-service] [main] o.a.c.c.C.[Tomcat].[localhost].[/]       : Initializing Spring embedded WebApplicationContext
2026-01-16T18:56:10.172+05:00  INFO 23732 --- [ingest-service] [main] w.s.c.ServletWebServerApplicationContext : Root WebApplicationContext: initialization completed in 894 ms
2026-01-16T18:56:10.658+05:00  INFO 23732 --- [ingest-service] [main] o.s.b.w.embedded.tomcat.TomcatWebServer  : Tomcat started on port 8085 (http) with context path '/'
2026-01-16T18:56:10.667+05:00  INFO 23732 --- [ingest-service] [main] r.r.panayotov.IngestServiceApplication   : Started IngestServiceApplication in 1.783 seconds (process running for 2.002)
2026-01-16T19:16:50.373+05:00  INFO 23732 --- [ingest-service] [http-nio-8085-exec-1] o.a.c.c.C.[Tomcat].[localhost].[/]       : Initializing Spring DispatcherServlet 'dispatcherServlet'
2026-01-16T19:16:50.373+05:00  INFO 23732 --- [ingest-service] [http-nio-8085-exec-1] o.s.web.servlet.DispatcherServlet        : Initializing Servlet 'dispatcherServlet'
2026-01-16T19:16:50.374+05:00  INFO 23732 --- [ingest-service] [http-nio-8085-exec-1] o.s.web.servlet.DispatcherServlet        : Completed initialization in 1 ms
2026-01-16T19:16:51.069+05:00 ERROR 23732 --- [ingest-service] [http-nio-8085-exec-10] r.r.p.exception.GlobalExceptionHandler   : ¬ÌÛÚÂÌÌˇˇ Ó¯Ë·Í‡ ÒÂ‚Â‡: Handler dispatch failed: java.lang.NoSuchMethodError: 'void org.springframework.web.method.ControllerAdviceBean.<init>(java.lang.Object)'

jakarta.servlet.ServletException: Handler dispatch failed: java.lang.NoSuchMethodError: 'void org.springframework.web.method.ControllerAdviceBean.<init>(java.lang.Object)'
	at org.springframework.web.servlet.DispatcherServlet.doDispatch(DispatcherServlet.java:1104) ~[spring-webmvc-6.2.15.jar:6.2.15]
	at org.springframework.web.servlet.DispatcherServlet.doService(DispatcherServlet.java:979) ~[spring-webmvc-6.2.15.jar:6.2.15]
	at org.springframework.web.servlet.FrameworkServlet.processRequest(FrameworkServlet.java:1014) ~[spring-webmvc-6.2.15.jar:6.2.15]
	at org.springframework.web.servlet.FrameworkServlet.doGet(FrameworkServlet.java:903) ~[spring-webmvc-6.2.15.jar:6.2.15]
	at jakarta.servlet.http.HttpServlet.service(HttpServlet.java:564) ~[tomcat-embed-core-10.1.50.jar:6.0]
	at org.springframework.web.servlet.FrameworkServlet.service(FrameworkServlet.java:885) ~[spring-webmvc-6.2.15.jar:6.2.15]
	at jakarta.servlet.http.HttpServlet.service(HttpServlet.java:658) ~[tomcat-embed-core-10.1.50.jar:6.0]
	at org.apache.catalina.core.ApplicationFilterChain.internalDoFilter(ApplicationFilterChain.java:193) ~[tomcat-embed-core-10.1.50.jar:10.1.50]
	at org.apache.catalina.core.ApplicationFilterChain.doFilter(ApplicationFilterChain.java:138) ~[tomcat-embed-core-10.1.50.jar:10.1.50]
	at org.apache.tomcat.websocket.server.WsFilter.doFilter(WsFilter.java:51) ~[tomcat-embed-websocket-10.1.50.jar:10.1.50]
	at org.apache.catalina.core.ApplicationFilterChain.internalDoFilter(ApplicationFilterChain.java:162) ~[tomcat-embed-core-10.1.50.jar:10.1.50]
	at org.apache.catalina.core.ApplicationFilterChain.doFilter(ApplicationFilterChain.java:138) ~[tomcat-embed-core-10.1.50.jar:10.1.50]
	at org.springframework.web.filter.RequestContextFilter.doFilterInternal(RequestContextFilter.java:100) ~[spring-web-6.2.15.jar:6.2.15]
	at org.springframework.web.filter.OncePerRequestFilter.doFilter(OncePerRequestFilter.java:116) ~[spring-web-6.2.15.jar:6.2.15]
	at org.apache.catalina.core.ApplicationFilterChain.internalDoFilter(ApplicationFilterChain.java:162) ~[tomcat-embed-core-10.1.50.jar:10.1.50]
	at org.apache.catalina.core.ApplicationFilterChain.doFilter(ApplicationFilterChain.java:138) ~[tomcat-embed-core-10.1.50.jar:10.1.50]
	at org.springframework.web.filter.FormContentFilter.doFilterInternal(FormContentFilter.java:93) ~[spring-web-6.2.15.jar:6.2.15]
	at org.springframework.web.filter.OncePerRequestFilter.doFilter(OncePerRequestFilter.java:116) ~[spring-web-6.2.15.jar:6.2.15]
	at org.apache.catalina.core.ApplicationFilterChain.internalDoFilter(ApplicationFilterChain.java:162) ~[tomcat-embed-core-10.1.50.jar:10.1.50]
	at org.apache.catalina.core.ApplicationFilterChain.doFilter(ApplicationFilterChain.java:138) ~[tomcat-embed-core-10.1.50.jar:10.1.50]
	at org.springframework.web.filter.CharacterEncodingFilter.doFilterInternal(CharacterEncodingFilter.java:201) ~[spring-web-6.2.15.jar:6.2.15]
	at org.springframework.web.filter.OncePerRequestFilter.doFilter(OncePerRequestFilter.java:116) ~[spring-web-6.2.15.jar:6.2.15]
	at org.apache.catalina.core.ApplicationFilterChain.internalDoFilter(ApplicationFilterChain.java:162) ~[tomcat-embed-core-10.1.50.jar:10.1.50]
	at org.apache.catalina.core.ApplicationFilterChain.doFilter(ApplicationFilterChain.java:138) ~[tomcat-embed-core-10.1.50.jar:10.1.50]
	at org.apache.catalina.core.StandardWrapperValve.invoke(StandardWrapperValve.java:165) ~[tomcat-embed-core-10.1.50.jar:10.1.50]
	at org.apache.catalina.core.StandardContextValve.invoke(StandardContextValve.java:88) ~[tomcat-embed-core-10.1.50.jar:10.1.50]
	at org.apache.catalina.authenticator.AuthenticatorBase.invoke(AuthenticatorBase.java:482) ~[tomcat-embed-core-10.1.50.jar:10.1.50]
	at org.apache.catalina.core.StandardHostValve.invoke(StandardHostValve.java:113) ~[tomcat-embed-core-10.1.50.jar:10.1.50]
	at org.apache.catalina.valves.ErrorReportValve.invoke(ErrorReportValve.java:83) ~[tomcat-embed-core-10.1.50.jar:10.1.50]
	at org.apache.catalina.core.StandardEngineValve.invoke(StandardEngineValve.java:72) ~[tomcat-embed-core-10.1.50.jar:10.1.50]
	at org.apache.catalina.connector.CoyoteAdapter.service(CoyoteAdapter.java:342) ~[tomcat-embed-core-10.1.50.jar:10.1.50]
	at org.apache.coyote.http11.Http11Processor.service(Http11Processor.java:399) ~[tomcat-embed-core-10.1.50.jar:10.1.50]
	at org.apache.coyote.AbstractProcessorLight.process(AbstractProcessorLight.java:63) ~[tomcat-embed-core-10.1.50.jar:10.1.50]
	at org.apache.coyote.AbstractProtocol$ConnectionHandler.process(AbstractProtocol.java:903) ~[tomcat-embed-core-10.1.50.jar:10.1.50]
	at org.apache.tomcat.util.net.NioEndpoint$SocketProcessor.doRun(NioEndpoint.java:1774) ~[tomcat-embed-core-10.1.50.jar:10.1.50]
	at org.apache.tomcat.util.net.SocketProcessorBase.run(SocketProcessorBase.java:52) ~[tomcat-embed-core-10.1.50.jar:10.1.50]
	at org.apache.tomcat.util.threads.ThreadPoolExecutor.runWorker(ThreadPoolExecutor.java:973) ~[tomcat-embed-core-10.1.50.jar:10.1.50]
	at org.apache.tomcat.util.threads.ThreadPoolExecutor$Worker.run(ThreadPoolExecutor.java:491) ~[tomcat-embed-core-10.1.50.jar:10.1.50]
	at org.apache.tomcat.util.threads.TaskThread$WrappingRunnable.run(TaskThread.java:63) ~[tomcat-embed-core-10.1.50.jar:10.1.50]
	at java.base/java.lang.Thread.run(Thread.java:840) ~[na:na]
Caused by: java.lang.NoSuchMethodError: 'void org.springframework.web.method.ControllerAdviceBean.<init>(java.lang.Object)'
	at org.springdoc.core.service.GenericResponseService.lambda$getGenericMapResponse$8(GenericResponseService.java:706) ~[springdoc-openapi-starter-common-2.6.0.jar:2.6.0]
	at java.base/java.util.stream.ReferencePipeline$2$1.accept(ReferencePipeline.java:178) ~[na:na]
	at java.base/java.util.Spliterators$ArraySpliterator.forEachRemaining(Spliterators.java:992) ~[na:na]
	at java.base/java.util.stream.AbstractPipeline.copyInto(AbstractPipeline.java:509) ~[na:na]
	at java.base/java.util.stream.AbstractPipeline.wrapAndCopyInto(AbstractPipeline.java:499) ~[na:na]
	at java.base/java.util.stream.AbstractPipeline.evaluate(AbstractPipeline.java:575) ~[na:na]
	at java.base/java.util.stream.AbstractPipeline.evaluateToArrayNode(AbstractPipeline.java:260) ~[na:na]
	at java.base/java.util.stream.ReferencePipeline.toArray(ReferencePipeline.java:616) ~[na:na]
	at java.base/java.util.stream.ReferencePipeline.toArray(ReferencePipeline.java:622) ~[na:na]
	at java.base/java.util.stream.ReferencePipeline.toList(ReferencePipeline.java:627) ~[na:na]
	at org.springdoc.core.service.GenericResponseService.getGenericMapResponse(GenericResponseService.java:708) ~[springdoc-openapi-starter-common-2.6.0.jar:2.6.0]
	at org.springdoc.core.service.GenericResponseService.build(GenericResponseService.java:247) ~[springdoc-openapi-starter-common-2.6.0.jar:2.6.0]
	at org.springdoc.api.AbstractOpenApiResource.calculatePath(AbstractOpenApiResource.java:499) ~[springdoc-openapi-starter-common-2.6.0.jar:2.6.0]
	at org.springdoc.api.AbstractOpenApiResource.calculatePath(AbstractOpenApiResource.java:676) ~[springdoc-openapi-starter-common-2.6.0.jar:2.6.0]
	at org.springdoc.webmvc.api.OpenApiResource.lambda$calculatePath$11(OpenApiResource.java:220) ~[springdoc-openapi-starter-webmvc-api-2.6.0.jar:2.6.0]
	at java.base/java.util.Optional.ifPresent(Optional.java:178) ~[na:na]
	at org.springdoc.webmvc.api.OpenApiResource.calculatePath(OpenApiResource.java:201) ~[springdoc-openapi-starter-webmvc-api-2.6.0.jar:2.6.0]
	at org.springdoc.webmvc.api.OpenApiResource.lambda$getPaths$2(OpenApiResource.java:171) ~[springdoc-openapi-starter-webmvc-api-2.6.0.jar:2.6.0]
	at java.base/java.util.Optional.ifPresent(Optional.java:178) ~[na:na]
	at org.springdoc.webmvc.api.OpenApiResource.getPaths(OpenApiResource.java:150) ~[springdoc-openapi-starter-webmvc-api-2.6.0.jar:2.6.0]
	at org.springdoc.api.AbstractOpenApiResource.getOpenApi(AbstractOpenApiResource.java:353) ~[springdoc-openapi-starter-common-2.6.0.jar:2.6.0]
	at org.springdoc.webmvc.api.OpenApiResource.openapiJson(OpenApiResource.java:125) ~[springdoc-openapi-starter-webmvc-api-2.6.0.jar:2.6.0]
	at org.springdoc.webmvc.api.OpenApiWebMvcResource.openapiJson(OpenApiWebMvcResource.java:114) ~[springdoc-openapi-starter-webmvc-api-2.6.0.jar:2.6.0]
	at java.base/jdk.internal.reflect.NativeMethodAccessorImpl.invoke0(Native Method) ~[na:na]
	at java.base/jdk.internal.reflect.NativeMethodAccessorImpl.invoke(NativeMethodAccessorImpl.java:77) ~[na:na]
	at java.base/jdk.internal.reflect.DelegatingMethodAccessorImpl.invoke(DelegatingMethodAccessorImpl.java:43) ~[na:na]
	at java.base/java.lang.reflect.Method.invoke(Method.java:569) ~[na:na]
	at org.springframework.web.method.support.InvocableHandlerMethod.doInvoke(InvocableHandlerMethod.java:258) ~[spring-web-6.2.15.jar:6.2.15]
	at org.springframework.web.method.support.InvocableHandlerMethod.invokeForRequest(InvocableHandlerMethod.java:191) ~[spring-web-6.2.15.jar:6.2.15]
	at org.springframework.web.servlet.mvc.method.annotation.ServletInvocableHandlerMethod.invokeAndHandle(ServletInvocableHandlerMethod.java:118) ~[spring-webmvc-6.2.15.jar:6.2.15]
	at org.springframework.web.servlet.mvc.method.annotation.RequestMappingHandlerAdapter.invokeHandlerMethod(RequestMappingHandlerAdapter.java:991) ~[spring-webmvc-6.2.15.jar:6.2.15]
	at org.springframework.web.servlet.mvc.method.annotation.RequestMappingHandlerAdapter.handleInternal(RequestMappingHandlerAdapter.java:896) ~[spring-webmvc-6.2.15.jar:6.2.15]
	at org.springframework.web.servlet.mvc.method.AbstractHandlerMethodAdapter.handle(AbstractHandlerMethodAdapter.java:87) ~[spring-webmvc-6.2.15.jar:6.2.15]
	at org.springframework.web.servlet.DispatcherServlet.doDispatch(DispatcherServlet.java:1089) ~[spring-webmvc-6.2.15.jar:6.2.15]
	... 39 common frames omitted

2026-01-16T19:18:54.500+05:00  INFO 23732 --- [ingest-service] [SpringApplicationShutdownHook] o.s.b.w.e.tomcat.GracefulShutdown        : Commencing graceful shutdown. Waiting for active requests to complete
2026-01-16T19:18:54.546+05:00  INFO 23732 --- [ingest-service] [tomcat-shutdown] o.s.b.w.e.tomcat.GracefulShutdown        : Graceful shutdown complete
2026-01-16T19:42:29.258+05:00  INFO 24780 --- [ingest-service] [main] r.r.panayotov.IngestServiceApplication   : Starting IngestServiceApplication v0.0.1-SNAPSHOT using Java 25.0.1 with PID 24780 (C:\Users\andre\OneDrive\–†–∞–±–æ—á–∏–π —Å—Ç–æ–ª\–†–ö–°–ü\–î–∏—Ñ. –∑–∞—á—ë—Ç –ü–∞–Ω–∞—ë—Ç–æ–≤\panayotov\target\panayotov-0.0.1-SNAPSHOT.jar started by andre in C:\Users\andre\OneDrive\–†–∞–±–æ—á–∏–π —Å—Ç–æ–ª\–†–ö–°–ü\–î–∏—Ñ. –∑–∞—á—ë—Ç –ü–∞–Ω–∞—ë—Ç–æ–≤\panayotov)
2026-01-16T19:42:29.260+05:00  INFO 24780 --- [ingest-service] [main] r.r.panayotov.IngestServiceApplication   : No active profile set, falling back to 1 default profile: "default"
2026-01-16T19:42:30.120+05:00  INFO 24780 --- [ingest-service] [main] o.s.b.w.embedded.tomcat.TomcatWebServer  : Tomcat initialized with port 8080 (http)
2026-01-16T19:42:30.132+05:00  INFO 24780 --- [ingest-service] [main] o.apache.catalina.core.StandardService   : Starting service [Tomcat]
2026-01-16T19:42:30.132+05:00  INFO 24780 --- [ingest-service] [main] o.apache.catalina.core.StandardEngine    : Starting Servlet engine: [Apache Tomcat/10.1.50]
2026-01-16T19:42:30.162+05:00  INFO 24780 --- [ingest-service] [main] o.a.c.c.C.[Tomcat].[localhost].[/]       : Initializing Spring embedded WebApplicationContext
2026-01-16T19:42:30.162+05:00  INFO 24780 --- [ingest-service] [main] w.s.c.ServletWebServerApplicationContext : Root WebApplicationContext: initialization completed in 862 ms
2026-01-16T19:42:30.818+05:00  INFO 24780 --- [ingest-service] [main] o.s.b.w.embedded.tomcat.TomcatWebServer  : Tomcat started on port 8080 (http) with context path '/'
2026-01-16T19:42:30.845+05:00  INFO 24780 --- [ingest-service] [main] r.r.panayotov.IngestServiceApplication   : Started IngestServiceApplication in 1.993 seconds (process running for 2.46)
2026-01-16T19:42:37.675+05:00  INFO 24780 --- [ingest-service] [http-nio-8080-exec-1] o.a.c.c.C.[Tomcat].[localhost].[/]       : Initializing Spring DispatcherServlet 'dispatcherServlet'
2026-01-16T19:42:37.675+05:00  INFO 24780 --- [ingest-service] [http-nio-8080-exec-1] o.s.web.servlet.DispatcherServlet        : Initializing Servlet 'dispatcherServlet'
2026-01-16T19:42:37.676+05:00  INFO 24780 --- [ingest-service] [http-nio-8080-exec-1] o.s.web.servlet.DispatcherServlet        : Completed initialization in 1 ms
