2026-01-16T18:34:36.980+05:00  INFO 18956 --- [ingest-service] [main] r.r.panayotov.IngestServiceApplication   : Starting IngestServiceApplication using Java 21.0.9 with PID 18956 (C:\Users\andre\OneDrive\Рабочий стол\РКСП\Диф. зачёт Панаётов\panayotov\target\classes started by andre in C:\Users\andre\OneDrive\Рабочий стол\РКСП\Диф. зачёт Панаётов)
2026-01-16T18:34:36.982+05:00  INFO 18956 --- [ingest-service] [main] r.r.panayotov.IngestServiceApplication   : No active profile set, falling back to 1 default profile: "default"
2026-01-16T18:34:37.774+05:00  INFO 18956 --- [ingest-service] [main] o.s.b.w.embedded.tomcat.TomcatWebServer  : Tomcat initialized with port 8081 (http)
2026-01-16T18:34:37.785+05:00  INFO 18956 --- [ingest-service] [main] o.apache.catalina.core.StandardService   : Starting service [Tomcat]
2026-01-16T18:34:37.785+05:00  INFO 18956 --- [ingest-service] [main] o.apache.catalina.core.StandardEngine    : Starting Servlet engine: [Apache Tomcat/10.1.50]
2026-01-16T18:34:37.826+05:00  INFO 18956 --- [ingest-service] [main] o.a.c.c.C.[Tomcat].[localhost].[/]       : Initializing Spring embedded WebApplicationContext
2026-01-16T18:34:37.826+05:00  INFO 18956 --- [ingest-service] [main] w.s.c.ServletWebServerApplicationContext : Root WebApplicationContext: initialization completed in 805 ms
2026-01-16T18:34:38.322+05:00  INFO 18956 --- [ingest-service] [main] o.s.b.w.embedded.tomcat.TomcatWebServer  : Tomcat started on port 8081 (http) with context path '/'
2026-01-16T18:34:38.328+05:00  INFO 18956 --- [ingest-service] [main] r.r.panayotov.IngestServiceApplication   : Started IngestServiceApplication in 1.773 seconds (process running for 2.05)
2026-01-16T18:34:45.874+05:00  INFO 18956 --- [ingest-service] [SpringApplicationShutdownHook] o.s.b.w.e.tomcat.GracefulShutdown        : Commencing graceful shutdown. Waiting for active requests to complete
2026-01-16T18:34:45.879+05:00  INFO 18956 --- [ingest-service] [tomcat-shutdown] o.s.b.w.e.tomcat.GracefulShutdown        : Graceful shutdown complete
2026-01-16T18:34:52.357+05:00  INFO 9008 --- [ingest-service] [main] r.r.panayotov.IngestServiceApplication   : Starting IngestServiceApplication using Java 21.0.9 with PID 9008 (C:\Users\andre\OneDrive\Рабочий стол\РКСП\Диф. зачёт Панаётов\panayotov\target\classes started by andre in C:\Users\andre\OneDrive\Рабочий стол\РКСП\Диф. зачёт Панаётов)
2026-01-16T18:34:52.358+05:00  INFO 9008 --- [ingest-service] [main] r.r.panayotov.IngestServiceApplication   : No active profile set, falling back to 1 default profile: "default"
2026-01-16T18:34:53.125+05:00  INFO 9008 --- [ingest-service] [main] o.s.b.w.embedded.tomcat.TomcatWebServer  : Tomcat initialized with port 8081 (http)
2026-01-16T18:34:53.135+05:00  INFO 9008 --- [ingest-service] [main] o.apache.catalina.core.StandardService   : Starting service [Tomcat]
2026-01-16T18:34:53.135+05:00  INFO 9008 --- [ingest-service] [main] o.apache.catalina.core.StandardEngine    : Starting Servlet engine: [Apache Tomcat/10.1.50]
2026-01-16T18:34:53.176+05:00  INFO 9008 --- [ingest-service] [main] o.a.c.c.C.[Tomcat].[localhost].[/]       : Initializing Spring embedded WebApplicationContext
2026-01-16T18:34:53.176+05:00  INFO 9008 --- [ingest-service] [main] w.s.c.ServletWebServerApplicationContext : Root WebApplicationContext: initialization completed in 783 ms
2026-01-16T18:34:53.673+05:00  INFO 9008 --- [ingest-service] [main] o.s.b.w.embedded.tomcat.TomcatWebServer  : Tomcat started on port 8081 (http) with context path '/'
2026-01-16T18:34:53.680+05:00  INFO 9008 --- [ingest-service] [main] r.r.panayotov.IngestServiceApplication   : Started IngestServiceApplication in 1.722 seconds (process running for 1.982)
2026-01-16T18:35:19.280+05:00  INFO 9008 --- [ingest-service] [SpringApplicationShutdownHook] o.s.b.w.e.tomcat.GracefulShutdown        : Commencing graceful shutdown. Waiting for active requests to complete
2026-01-16T18:35:19.286+05:00  INFO 9008 --- [ingest-service] [tomcat-shutdown] o.s.b.w.e.tomcat.GracefulShutdown        : Graceful shutdown complete
2026-01-16T18:51:53.080+05:00  INFO 13408 --- [ingest-service] [main] r.r.panayotov.IngestServiceApplication   : Starting IngestServiceApplication using Java 21.0.9 with PID 13408 (C:\Users\andre\OneDrive\Рабочий стол\РКСП\Диф. зачёт Панаётов\panayotov\target\classes started by andre in C:\Users\andre\OneDrive\Рабочий стол\РКСП\Диф. зачёт Панаётов)
2026-01-16T18:51:53.082+05:00  INFO 13408 --- [ingest-service] [main] r.r.panayotov.IngestServiceApplication   : No active profile set, falling back to 1 default profile: "default"
2026-01-16T18:51:53.853+05:00  INFO 13408 --- [ingest-service] [main] o.s.b.w.embedded.tomcat.TomcatWebServer  : Tomcat initialized with port 8081 (http)
2026-01-16T18:51:53.864+05:00  INFO 13408 --- [ingest-service] [main] o.apache.catalina.core.StandardService   : Starting service [Tomcat]
2026-01-16T18:51:53.864+05:00  INFO 13408 --- [ingest-service] [main] o.apache.catalina.core.StandardEngine    : Starting Servlet engine: [Apache Tomcat/10.1.50]
2026-01-16T18:51:53.906+05:00  INFO 13408 --- [ingest-service] [main] o.a.c.c.C.[Tomcat].[localhost].[/]       : Initializing Spring embedded WebApplicationContext
2026-01-16T18:51:53.907+05:00  INFO 13408 --- [ingest-service] [main] w.s.c.ServletWebServerApplicationContext : Root WebApplicationContext: initialization completed in 790 ms
2026-01-16T18:51:54.448+05:00  INFO 13408 --- [ingest-service] [main] o.s.b.w.embedded.tomcat.TomcatWebServer  : Tomcat started on port 8081 (http) with context path '/'
2026-01-16T18:51:54.455+05:00  INFO 13408 --- [ingest-service] [main] r.r.panayotov.IngestServiceApplication   : Started IngestServiceApplication in 1.783 seconds (process running for 2.072)
2026-01-16T19:08:15.309+05:00  INFO 13408 --- [ingest-service] [SpringApplicationShutdownHook] o.s.b.w.e.tomcat.GracefulShutdown        : Commencing graceful shutdown. Waiting for active requests to complete
2026-01-16T19:08:15.317+05:00  INFO 13408 --- [ingest-service] [tomcat-shutdown] o.s.b.w.e.tomcat.GracefulShutdown        : Graceful shutdown complete
